#
# There is insufficient memory for the Java Runtime Environment to continue.
# Native memory allocation (mmap) failed to map 132120576 bytes for G1 virtual space
# Possible reasons:
#   The system is out of physical RAM or swap space
#   The process is running with CompressedOops enabled, and the Java Heap may be blocking the growth of the native heap
# Possible solutions:
#   Reduce memory load on the system
#   Increase physical memory or swap space
#   Check if swap backing store is full
#   Decrease Java heap size (-Xmx/-Xms)
#   Decrease number of Java threads
#   Decrease Java thread stack sizes (-Xss)
#   Set larger code cache with -XX:ReservedCodeCacheSize=
#   JVM is running with Unscaled Compressed Oops mode in which the Java heap is
#     placed in the first 4GB address space. The Java Heap base address is the
#     maximum limit for the native heap growth. Please use -XX:HeapBaseMinAddress
#     to set the Java Heap base and to place the Java Heap above 4GB virtual address.
# This output file may be truncated or incomplete.
#
#  Out of Memory Error (os_windows.cpp:3548), pid=8484, tid=12512
#
# JRE version:  (17.0.12+8) (build )
# Java VM: Java HotSpot(TM) 64-Bit Server VM (17.0.12+8-LTS-286, mixed mode, sharing, tiered, compressed oops, compressed class ptrs, g1 gc, windows-amd64)
# No core dump will be written. Minidumps are not enabled by default on client versions of Windows
#

---------------  S U M M A R Y ------------

Command Line: org.jetbrains.kotlin.cli.jvm.K2JVMCompiler @E:\AMAR\git\VillageStay\gramvista\build\webview_flutter_android\20250712_3510811211123285716.compiler.options

Host: Intel(R) Core(TM) i7-8565U CPU @ 1.80GHz, 8 cores, 7G,  Windows 10 , 64 bit Build 19041 (10.0.19041.5915)
Time: Sat Jul 12 08:02:43 2025 India Standard Time elapsed time: 0.025217 seconds (0d 0h 0m 0s)

---------------  T H R E A D  ---------------

Current thread (0x0000021d2429e000):  JavaThread "Unknown thread" [_thread_in_vm, id=12512, stack(0x000000c4fd300000,0x000000c4fd400000)]

Stack: [0x000000c4fd300000,0x000000c4fd400000]
Native frames: (J=compiled Java code, j=interpreted, Vv=VM code, C=native code)
V  [jvm.dll+0x67a04a]
V  [jvm.dll+0x7da4ed]
V  [jvm.dll+0x7dbe33]
V  [jvm.dll+0x7dc4a3]
V  [jvm.dll+0x24508f]
V  [jvm.dll+0x677089]
V  [jvm.dll+0x66bd32]
V  [jvm.dll+0x301fa6]
V  [jvm.dll+0x309546]
V  [jvm.dll+0x359d2e]
V  [jvm.dll+0x359f5f]
V  [jvm.dll+0x2d9078]
V  [jvm.dll+0x2d9fe4]
V  [jvm.dll+0x7aca21]
V  [jvm.dll+0x367591]
V  [jvm.dll+0x78b999]
V  [jvm.dll+0x3ec83f]
V  [jvm.dll+0x3ee471]
C  [jli.dll+0x5297]
C  [ucrtbase.dll+0x21bb2]
C  [KERNEL32.DLL+0x17374]
C  [ntdll.dll+0x4cc91]


---------------  P R O C E S S  ---------------

Threads class SMR info:
_java_thread_list=0x00007ffbef517a18, length=0, elements={
}

Java Threads: ( => current thread )

Other Threads:
  0x0000021d26417e10 GCTaskThread "GC Thread#0" [stack: 0x000000c4fd400000,0x000000c4fd500000] [id=18856]
  0x0000021d264287a0 ConcurrentGCThread "G1 Main Marker" [stack: 0x000000c4fd500000,0x000000c4fd600000] [id=752]
  0x0000021d2642a0c0 ConcurrentGCThread "G1 Conc#0" [stack: 0x000000c4fd600000,0x000000c4fd700000] [id=2460]

[error occurred during error reporting (printing all threads), id 0xc0000005, EXCEPTION_ACCESS_VIOLATION (0xc0000005) at pc=0x00007ffbeed49b67]

VM state: not at safepoint (not fully initialized)

VM Mutex/Monitor currently owned by a thread:  ([mutex/lock_event])
[0x0000021d263bdef0] Heap_lock - owner thread: 0x0000021d2429e000

Heap address: 0x0000000082600000, size: 2010 MB, Compressed Oops mode: 32-bit

CDS archive(s) mapped at: [0x0000000000000000-0x0000000000000000-0x0000000000000000), size 0, SharedBaseAddress: 0x0000000800000000, ArchiveRelocationMode: 1.
Narrow klass base: 0x0000000000000000, Narrow klass shift: 0, Narrow klass range: 0x0

GC Precious Log:
<Empty>

Heap:
 garbage-first heap   total 0K, used 0K [0x0000000082600000, 0x0000000100000000)
  region size 1024K, 0 young (0K), 0 survivors (0K)

[error occurred during error reporting (printing heap information), id 0xc0000005, EXCEPTION_ACCESS_VIOLATION (0xc0000005) at pc=0x00007ffbef133859]

GC Heap History (0 events):
No events

Deoptimization events (0 events):
No events

Classes unloaded (0 events):
No events

Classes redefined (0 events):
No events

Internal exceptions (0 events):
No events

VM Operations (0 events):
No events

Events (1 events):
Event: 0.017 Loaded shared library C:\Program Files\Java\jdk-17\bin\java.dll


Dynamic libraries:
0x00007ff6eaf80000 - 0x00007ff6eaf90000 	C:\Program Files\Java\jdk-17\bin\java.exe
0x00007ffc8bc50000 - 0x00007ffc8be48000 	C:\Windows\SYSTEM32\ntdll.dll
0x00007ffc8ac50000 - 0x00007ffc8ad12000 	C:\Windows\System32\KERNEL32.DLL
0x00007ffc89940000 - 0x00007ffc89c36000 	C:\Windows\System32\KERNELBASE.dll
0x00007ffc892e0000 - 0x00007ffc893e0000 	C:\Windows\System32\ucrtbase.dll
0x00007ffc5abf0000 - 0x00007ffc5ac0b000 	C:\Program Files\Java\jdk-17\bin\VCRUNTIME140.dll
0x00007ffc74240000 - 0x00007ffc74259000 	C:\Program Files\Java\jdk-17\bin\jli.dll
0x00007ffc8b750000 - 0x00007ffc8b801000 	C:\Windows\System32\ADVAPI32.dll
0x00007ffc8b4e0000 - 0x00007ffc8b57e000 	C:\Windows\System32\msvcrt.dll
0x00007ffc8a590000 - 0x00007ffc8a62f000 	C:\Windows\System32\sechost.dll
0x00007ffc8b810000 - 0x00007ffc8b933000 	C:\Windows\System32\RPCRT4.dll
0x00007ffc89c40000 - 0x00007ffc89c67000 	C:\Windows\System32\bcrypt.dll
0x00007ffc8ad20000 - 0x00007ffc8aebd000 	C:\Windows\System32\USER32.dll
0x00007ffc70a40000 - 0x00007ffc70cda000 	C:\Windows\WinSxS\amd64_microsoft.windows.common-controls_6595b64144ccf1df_6.0.19041.5915_none_60b4b9d171f9c7c7\COMCTL32.dll
0x00007ffc89490000 - 0x00007ffc894b2000 	C:\Windows\System32\win32u.dll
0x00007ffc8b6b0000 - 0x00007ffc8b6db000 	C:\Windows\System32\GDI32.dll
0x00007ffc89820000 - 0x00007ffc89939000 	C:\Windows\System32\gdi32full.dll
0x00007ffc89780000 - 0x00007ffc8981d000 	C:\Windows\System32\msvcp_win.dll
0x00007ffc82a30000 - 0x00007ffc82a3a000 	C:\Windows\SYSTEM32\VERSION.dll
0x00007ffc8ba20000 - 0x00007ffc8ba4f000 	C:\Windows\System32\IMM32.DLL
0x00007ffc81460000 - 0x00007ffc8146c000 	C:\Program Files\Java\jdk-17\bin\vcruntime140_1.dll
0x00007ffc38a20000 - 0x00007ffc38aae000 	C:\Program Files\Java\jdk-17\bin\msvcp140.dll
0x00007ffbeea60000 - 0x00007ffbef640000 	C:\Program Files\Java\jdk-17\bin\server\jvm.dll
0x00007ffc8b6e0000 - 0x00007ffc8b6e8000 	C:\Windows\System32\PSAPI.DLL
0x00007ffc6d610000 - 0x00007ffc6d637000 	C:\Windows\SYSTEM32\WINMM.dll
0x00007ffc66800000 - 0x00007ffc66809000 	C:\Windows\SYSTEM32\WSOCK32.dll
0x00007ffc8aec0000 - 0x00007ffc8af2b000 	C:\Windows\System32\WS2_32.dll
0x00007ffc87af0000 - 0x00007ffc87b02000 	C:\Windows\SYSTEM32\kernel.appcore.dll
0x00007ffc811f0000 - 0x00007ffc811fa000 	C:\Program Files\Java\jdk-17\bin\jimage.dll
0x00007ffc878a0000 - 0x00007ffc87aa1000 	C:\Windows\SYSTEM32\DBGHELP.DLL
0x00007ffc54260000 - 0x00007ffc54294000 	C:\Windows\SYSTEM32\dbgcore.DLL
0x00007ffc89510000 - 0x00007ffc89592000 	C:\Windows\System32\bcryptPrimitives.dll
0x00007ffc55a90000 - 0x00007ffc55ab5000 	C:\Program Files\Java\jdk-17\bin\java.dll

dbghelp: loaded successfully - version: 4.0.5 - missing functions: none
symbol engine: initialized successfully - sym options: 0x614 - pdb path: .;C:\Program Files\Java\jdk-17\bin;C:\Windows\SYSTEM32;C:\Windows\WinSxS\amd64_microsoft.windows.common-controls_6595b64144ccf1df_6.0.19041.5915_none_60b4b9d171f9c7c7;C:\Program Files\Java\jdk-17\bin\server

VM Arguments:
java_command: org.jetbrains.kotlin.cli.jvm.K2JVMCompiler @E:\AMAR\git\VillageStay\gramvista\build\webview_flutter_android\20250712_3510811211123285716.compiler.options
java_class_path (initial): C:\Users\Lenovo\.gradle\caches\modules-2\files-2.1\org.jetbrains.kotlin\kotlin-compiler-embeddable\2.1.0\988bf980588bbbcfa1ba19c1ffd7aa869b335a31\kotlin-compiler-embeddable-2.1.0.jar;C:\Users\Lenovo\.gradle\caches\modules-2\files-2.1\org.jetbrains.kotlin\kotlin-stdlib\2.1.0\85f8b81009cda5890e54ba67d64b5e599c645020\kotlin-stdlib-2.1.0.jar;C:\Users\Lenovo\.gradle\caches\modules-2\files-2.1\org.jetbrains.kotlin\kotlin-script-runtime\2.1.0\5909da8c57b75a117714ab0e348c86101b7a3284\kotlin-script-runtime-2.1.0.jar;C:\Users\Lenovo\.gradle\caches\modules-2\files-2.1\org.jetbrains.kotlin\kotlin-reflect\1.6.10\1cbe9c92c12a94eea200d23c2bbaedaf3daf5132\kotlin-reflect-1.6.10.jar;C:\Users\Lenovo\.gradle\caches\modules-2\files-2.1\org.jetbrains.kotlin\kotlin-daemon-embeddable\2.1.0\420bae1908e4a353f5b56c3c850d24d86367b25d\kotlin-daemon-embeddable-2.1.0.jar;C:\Users\Lenovo\.gradle\caches\modules-2\files-2.1\org.jetbrains.intellij.deps\trove4j\1.0.20200330\3afb14d5f9ceb459d724e907a21145e8ff394f02\trove4j-1.0.20200330.jar;C:\Users\Lenovo\.gradle\caches\modules-2\files-2.1\org.jetbrains.kotlinx\kotlinx-coroutines-core-jvm\1.6.4\2c997cd1c0ef33f3e751d3831929aeff1390cb30\kotlinx-coroutines-core-jvm-1.6.4.jar;C:\Users\Lenovo\.gradle\caches\modules-2\files-2.1\org.jetbrains\annotations\13.0\919f0dfe192fb4e063e7dacadee7f8bb9a2672a9\annotations-13.0.jar
Launcher Type: SUN_STANDARD

[Global flags]
     intx CICompilerCount                          = 4                                         {product} {ergonomic}
     uint ConcGCThreads                            = 2                                         {product} {ergonomic}
     uint G1ConcRefinementThreads                  = 8                                         {product} {ergonomic}
   size_t G1HeapRegionSize                         = 1048576                                   {product} {ergonomic}
    uintx GCDrainStackTargetSize                   = 64                                        {product} {ergonomic}
   size_t InitialHeapSize                          = 132120576                                 {product} {ergonomic}
   size_t MarkStackSize                            = 4194304                                   {product} {ergonomic}
   size_t MaxHeapSize                              = 2107637760                                {product} {ergonomic}
   size_t MinHeapDeltaBytes                        = 1048576                                   {product} {ergonomic}
   size_t MinHeapSize                              = 8388608                                   {product} {ergonomic}
    uintx NonNMethodCodeHeapSize                   = 5839372                                {pd product} {ergonomic}
    uintx NonProfiledCodeHeapSize                  = 122909434                              {pd product} {ergonomic}
    uintx ProfiledCodeHeapSize                     = 122909434                              {pd product} {ergonomic}
    uintx ReservedCodeCacheSize                    = 251658240                              {pd product} {ergonomic}
     bool SegmentedCodeCache                       = true                                      {product} {ergonomic}
   size_t SoftMaxHeapSize                          = 2107637760                             {manageable} {ergonomic}
     bool UseCompressedClassPointers               = true                           {product lp64_product} {ergonomic}
     bool UseCompressedOops                        = true                           {product lp64_product} {ergonomic}
     bool UseG1GC                                  = true                                      {product} {ergonomic}
     bool UseLargePagesIndividualAllocation        = false                                  {pd product} {ergonomic}

Logging:
Log output configuration:
 #0: stdout all=warning uptime,level,tags
 #1: stderr all=off uptime,level,tags

Environment Variables:
JAVA_HOME=C:\Program Files\Java\jdk-17
CLASSPATH=E:\AMAR\git\VillageStay\gramvista\android\\gradle\wrapper\gradle-wrapper.jar
PATH=C:\Program Files\Java\jdk-17\bin;C:\Program Files\PowerShell\7;C:\src\flutter\bin\;C:\Python312\Scripts\;C:\Python312\;E:\AMAR\Database\dbhomeXE\bin;E:\AMAR\DB\bin;E:\AMAR\DB\dbhomeXE\bin;E:\DB\DataBase\bin;C:\Program Files\Common Files\Oracle\Java\javapath;C:\Windows\system32;C:\Windows;C:\Windows\System32\Wbem;C:\Windows\System32\WindowsPowerShell\v1.0\;C:\Windows\System32\OpenSSH\;C:\Program Files\dotnet\;C:\Program Files\Common Files\Oracle\Java\javapath;C:\Program Files\Java\jdk-17\bin;C:\ProgramData\chocolatey\bin;E:\e\exe\Node JS\;E:\AMAR\java\apache-maven-3.9.9-bin\apache-maven-3.9.9\bin;E:\e\exe\R-4.4.2\rtools44\usr\bin;C:\Program Files\Docker\Docker\resources\bin;E:\e\exe\MiniKubes\Minikube;C:\Program Files\Git\cmd;C:\Program Files\PowerShell\7\;C:\src\flutter\bin;E:\e\Amazon\;E:\AMAR\aws\ab\Apache24\bin;C:\Program Files\Java\jdk-17\bin;C:\Program Files\Java\jdk-17/bin;C:\Python312\Scripts\;C:\Python312\;E:\AMAR\Database\dbhomeXE\bin;E:\AMAR\DB\bin;E:\AMAR\DB\dbhomeXE\bin;E:\DB\DataBase\bin;C:\Program Files\Common Files\Oracle\Java\javapath;C:\Windows\system32;C:\Windows;C:\Windows\System32\Wbem;C:\Windows\System32\WindowsPowerShell\v1.0\;C:\Windows\System32\OpenSSH\;C:\Program Files\dotnet\;C:\Program Files\Common Files\Oracle\Java\javapath;C:\Program Files\Java\jdk-17\bin;C:\ProgramData\chocolatey\bin;E:\e\esa-py\snaphu-v1.4.2_win64\bin;E:\e\SNAP\snap\bin;C:\Program Files\Go\bin;E:\e\exe\Node JS\;C:\Program Files\PowerShell\7\;E:\AMAR\java\apache-maven-3.9.9-bin\apache-maven-3.9.9\bin;E:\e\exe\R-4.4.2\rtools44\usr\bin;C:\Program Files\Docker\Docker\resources\bin;E:\e\exe\MiniKubes\Minikube;C:\Program Files\Git\cmd;C:\Users\Lenovo\AppData\Local\Programs\Python\Launcher\;E:\e\Python39\Scripts\;E:\e\Python39\;C:\Users\Lenovo\.cargo\bin;C:\Users\Lenovo\AppData\Roaming\npm;C:\Users\Lenovo\AppData\Local\Microsoft\WindowsApps;C:\Users\Lenovo\AppData\Local\Programs\Microsoft VS Code\bin;C:\src\flutter\bin;E:\AMAR\aws\ab\Apache24\bin;C:\mingw64\bin;;c:\Users\Le
USERNAME=Lenovo
LANG=en_US.UTF-8
OS=Windows_NT
PROCESSOR_IDENTIFIER=Intel64 Family 6 Model 142 Stepping 12, GenuineIntel



---------------  S Y S T E M  ---------------

OS:
 Windows 10 , 64 bit Build 19041 (10.0.19041.5915)
OS uptime: 10 days 21:50 hours
Hyper-V role detected

CPU: total 8 (initial active 8) (4 cores per cpu, 2 threads per core) family 6 model 142 stepping 12 microcode 0xf8, cx8, cmov, fxsr, ht, mmx, 3dnowpref, sse, sse2, sse3, ssse3, sse4.1, sse4.2, popcnt, lzcnt, tsc, tscinvbit, avx, avx2, erms, clmul, bmi1, bmi2, adx, fma, vzeroupper, clflush, clflushopt, hv

Memory: 4k page, system-wide physical 8034M (233M free)
TotalPageFile size 32610M (AvailPageFile size 14M)
current process WorkingSet (physical memory assigned to process): 10M, peak: 10M
current process commit charge ("private bytes"): 60M, peak: 186M

vm_info: Java HotSpot(TM) 64-Bit Server VM (17.0.12+8-LTS-286) for windows-amd64 JRE (17.0.12+8-LTS-286), built on Jun  5 2024 06:46:59 by "mach5one" with MS VC++ 17.6 (VS2022)

END.
